<?xml version="1.0" encoding="UTF-8"?>
<testng-results ignored="0" total="1" passed="1" failed="0" skipped="0">
  <reporter-output>
  </reporter-output>
  <suite started-at="2024-12-05T19:50:29 IST" name="Default suite" finished-at="2024-12-05T19:50:35 IST" duration-ms="5697">
    <groups>
    </groups>
    <test started-at="2024-12-05T19:50:29 IST" name="Default test" finished-at="2024-12-05T19:50:35 IST" duration-ms="5697">
      <class name="TestNG.TakeSCreenShotEx">
        <test-method signature="m1()[pri:0, instance:TestNG.TakeSCreenShotEx@543295b0]" started-at="2024-12-05T19:50:29 IST" name="m1" finished-at="2024-12-05T19:50:35 IST" duration-ms="5642" status="PASS">
          <reporter-output>
          </reporter-output>
        </test-method> <!-- m1 -->
      </class> <!-- TestNG.TakeSCreenShotEx -->
    </test> <!-- Default test -->
  </suite> <!-- Default suite -->
</testng-results>
