<?xml version="1.0" encoding="UTF-8"?>
<!-- Generated by org.testng.reporters.JUnitXMLReporter -->
<testsuite ignored="0" hostname="TYSS-Shobha" failures="0" tests="4" name="Test" time="18.746" errors="0" timestamp="2024-12-04T19:45:00 IST">
  <testcase classname="FrameWork.FetchingDataFromExcelFile" name="fetchingdata" time="5.016"/>
  <testcase classname="PopUps.AlertPopUp" name="alert" time="4.16"/>
  <testcase classname="PopUps.AuthenticationPopup" name="m1" time="4.407"/>
  <testcase classname="PopUps.BrowserNativePopup" name="m2" time="5.1"/>
</testsuite> <!-- Test -->
